
> nuxtapp@1.0.0 dev /var/www/html/public/laravel-project/nuxtapp
> cross-env NODE_ENV="dev" nodemon ./server/index.js --watch server

[33m[nodemon] 2.0.2[39m
[33m[nodemon] to restart at any time, enter `rs`[39m
[33m[nodemon] watching dir(s): server/**/*[39m
[33m[nodemon] watching extensions: js,mjs,json[39m
[32m[nodemon] starting `node ./server/index.js`[39m
events.js:196
      throw er; // Unhandled 'error' event
      ^

Error: EBADF: bad file descriptor, read
Emitted 'error' event on ReadStream instance at:
    at internal/fs/streams.js:186:12
    at FSReqCallback.wrapper [as oncomplete] (fs.js:481:5) {
  errno: -9,
  code: 'EBADF',
  syscall: 'read'
}
npm ERR! code ELIFECYCLE
npm ERR! errno 1
npm ERR! nuxtapp@1.0.0 dev: `cross-env NODE_ENV="dev" nodemon ./server/index.js --watch server`
npm ERR! Exit status 1
npm ERR! 
npm ERR! Failed at the nuxtapp@1.0.0 dev script.
npm ERR! This is probably not a problem with npm. There is likely additional logging output above.

npm ERR! A complete log of this run can be found in:
npm ERR!     /root/.npm/_logs/2019-12-17T12_10_46_323Z-debug.log
